This is pdfTeX, Version 3.1415926-1.40.9 (MiKTeX 2.7) (preloaded format=pdflatex 2010.9.22)  2 SEP 2013 12:11
entering extended mode
**C:/Documents*and*Settings/Administrador/Mis*documentos/Dropbox/Sprott2013/pap
erSprot.tex

("C:/Documents and Settings/Administrador/Mis documentos/Dropbox/Sprott2013/pap
erSprot.tex"
LaTeX2e <2005/12/01>
Babel <v3.8l> and hyphenation patterns for english, dumylang, nohyphenation, ge
rman, ngerman, german-x-2008-06-18, ngerman-x-2008-06-18, french, loaded.
(IEEEtran.cls
Document Class: IEEEtran 2012/12/27 V1.8 by Michael Shell
-- See the "IEEEtran_HOWTO" manual for usage information.
-- http://www.michaelshell.org/tex/ieeetran/
\@IEEEtrantmpdimenA=\dimen102
\@IEEEtrantmpdimenB=\dimen103
\@IEEEtrantmpcountA=\count79
\@IEEEtrantmpcountB=\count80
\@IEEEtrantmptoksA=\toks14
LaTeX Font Info:    Try loading font information for OT1+ptm on input line 368.

("C:\Archivos de programa\MiKTeX 2.7\tex\latex\psnfss\ot1ptm.fd"
File: ot1ptm.fd 2001/06/04 font definitions for OT1/ptm.
)
-- Using 8.5in x 11in (letter) paper.
-- Using PDF output.
\@IEEEnormalsizeunitybaselineskip=\dimen104
-- This is a 10 point document.
\CLASSINFOnormalsizebaselineskip=\dimen105
\CLASSINFOnormalsizeunitybaselineskip=\dimen106
\IEEEnormaljot=\dimen107
LaTeX Font Info:    Font shape `OT1/ptm/bx/n' in size <5> not available
(Font)              Font shape `OT1/ptm/b/n' tried instead on input line 726.
LaTeX Font Info:    Font shape `OT1/ptm/bx/it' in size <5> not available
(Font)              Font shape `OT1/ptm/b/it' tried instead on input line 726.
LaTeX Font Info:    Font shape `OT1/ptm/bx/n' in size <7> not available
(Font)              Font shape `OT1/ptm/b/n' tried instead on input line 726.
LaTeX Font Info:    Font shape `OT1/ptm/bx/it' in size <7> not available
(Font)              Font shape `OT1/ptm/b/it' tried instead on input line 726.
LaTeX Font Info:    Font shape `OT1/ptm/bx/n' in size <8> not available
(Font)              Font shape `OT1/ptm/b/n' tried instead on input line 726.
LaTeX Font Info:    Font shape `OT1/ptm/bx/it' in size <8> not available
(Font)              Font shape `OT1/ptm/b/it' tried instead on input line 726.
LaTeX Font Info:    Font shape `OT1/ptm/bx/n' in size <9> not available
(Font)              Font shape `OT1/ptm/b/n' tried instead on input line 726.
LaTeX Font Info:    Font shape `OT1/ptm/bx/it' in size <9> not available
(Font)              Font shape `OT1/ptm/b/it' tried instead on input line 726.
LaTeX Font Info:    Font shape `OT1/ptm/bx/n' in size <10> not available
(Font)              Font shape `OT1/ptm/b/n' tried instead on input line 726.
LaTeX Font Info:    Font shape `OT1/ptm/bx/it' in size <10> not available
(Font)              Font shape `OT1/ptm/b/it' tried instead on input line 726.
LaTeX Font Info:    Font shape `OT1/ptm/bx/n' in size <11> not available
(Font)              Font shape `OT1/ptm/b/n' tried instead on input line 726.
LaTeX Font Info:    Font shape `OT1/ptm/bx/it' in size <11> not available
(Font)              Font shape `OT1/ptm/b/it' tried instead on input line 726.
LaTeX Font Info:    Font shape `OT1/ptm/bx/n' in size <12> not available
(Font)              Font shape `OT1/ptm/b/n' tried instead on input line 726.
LaTeX Font Info:    Font shape `OT1/ptm/bx/it' in size <12> not available
(Font)              Font shape `OT1/ptm/b/it' tried instead on input line 726.
LaTeX Font Info:    Font shape `OT1/ptm/bx/n' in size <17> not available
(Font)              Font shape `OT1/ptm/b/n' tried instead on input line 726.
LaTeX Font Info:    Font shape `OT1/ptm/bx/it' in size <17> not available
(Font)              Font shape `OT1/ptm/b/it' tried instead on input line 726.
LaTeX Font Info:    Font shape `OT1/ptm/bx/n' in size <20> not available
(Font)              Font shape `OT1/ptm/b/n' tried instead on input line 726.
LaTeX Font Info:    Font shape `OT1/ptm/bx/it' in size <20> not available
(Font)              Font shape `OT1/ptm/b/it' tried instead on input line 726.
LaTeX Font Info:    Font shape `OT1/ptm/bx/n' in size <24> not available
(Font)              Font shape `OT1/ptm/b/n' tried instead on input line 726.
LaTeX Font Info:    Font shape `OT1/ptm/bx/it' in size <24> not available
(Font)              Font shape `OT1/ptm/b/it' tried instead on input line 726.
\IEEEilabelindentA=\dimen108
\IEEEilabelindentB=\dimen109
\IEEEilabelindent=\dimen110
\IEEEelabelindent=\dimen111
\IEEEdlabelindent=\dimen112
\IEEElabelindent=\dimen113
\IEEEiednormlabelsep=\dimen114
\IEEEiedmathlabelsep=\dimen115
\IEEEiedtopsep=\skip41
\c@section=\count81
\c@subsection=\count82
\c@subsubsection=\count83
\c@paragraph=\count84
\c@IEEEsubequation=\count85
\abovecaptionskip=\skip42
\belowcaptionskip=\skip43
\c@figure=\count86
\c@table=\count87
\@IEEEeqnnumcols=\count88
\@IEEEeqncolcnt=\count89
\@IEEEsubeqnnumrollback=\count90
\@IEEEtmpitemindent=\dimen116
\c@IEEEbiography=\count91
\@IEEEtranrubishbin=\box26
) ("C:\Archivos de programa\MiKTeX 2.7\tex\latex\graphics\graphicx.sty"
Package: graphicx 1999/02/16 v1.0f Enhanced LaTeX Graphics (DPC,SPQR)

("C:\Archivos de programa\MiKTeX 2.7\tex\latex\graphics\keyval.sty"
Package: keyval 1999/03/16 v1.13 key=value parser (DPC)
\KV@toks@=\toks15
)
("C:\Archivos de programa\MiKTeX 2.7\tex\latex\graphics\graphics.sty"
Package: graphics 2006/02/20 v1.0o Standard LaTeX Graphics (DPC,SPQR)

("C:\Archivos de programa\MiKTeX 2.7\tex\latex\graphics\trig.sty"
Package: trig 1999/03/16 v1.09 sin cos tan (DPC)
)
("C:\Archivos de programa\MiKTeX 2.7\tex\latex\00miktex\graphics.cfg"
File: graphics.cfg 2007/01/18 v1.5 graphics configuration of teTeX/TeXLive
)
Package graphics Info: Driver file: pdftex.def on input line 90.

("C:\Archivos de programa\MiKTeX 2.7\tex\latex\pdftex-def\pdftex.def"
File: pdftex.def 2008/07/16 v0.04k Graphics/color for pdfTeX
\Gread@gobject=\count92
))
\Gin@req@height=\dimen117
\Gin@req@width=\dimen118
)
(paperSprot.aux

LaTeX Warning: Label `MLE' multiply defined.

)
LaTeX Font Info:    Checking defaults for OML/cmm/m/it on input line 4.
LaTeX Font Info:    ... okay on input line 4.
LaTeX Font Info:    Checking defaults for T1/cmr/m/n on input line 4.
LaTeX Font Info:    ... okay on input line 4.
LaTeX Font Info:    Checking defaults for OT1/cmr/m/n on input line 4.
LaTeX Font Info:    ... okay on input line 4.
LaTeX Font Info:    Checking defaults for OMS/cmsy/m/n on input line 4.
LaTeX Font Info:    ... okay on input line 4.
LaTeX Font Info:    Checking defaults for OMX/cmex/m/n on input line 4.
LaTeX Font Info:    ... okay on input line 4.
LaTeX Font Info:    Checking defaults for U/cmr/m/n on input line 4.
LaTeX Font Info:    ... okay on input line 4.
 ("C:\Archivos de programa\MiKTeX 2.7\tex\context\base\supp-pdf.tex"
[Loading MPS to PDF converter (version 2006.09.02).]
\scratchcounter=\count93
\scratchdimen=\dimen119
\scratchbox=\box27
\nofMPsegments=\count94
\nofMParguments=\count95
\everyMPshowfont=\toks16
\MPscratchCnt=\count96
\MPscratchDim=\dimen120
\MPnumerator=\count97
\everyMPtoPDFconversion=\toks17
)
** ATTENTION: \authorblockN is deprecated (line 18). Use \IEEEauthorblockN inst
ead.
** ATTENTION: \authorblockA is deprecated (line 18). Use \IEEEauthorblockA inst
ead.
** ATTENTION: \authorblockN is deprecated (line 18). Use \IEEEauthorblockN inst
ead.
** ATTENTION: \authorblockA is deprecated (line 18). Use \IEEEauthorblockA inst
ead.
LaTeX Font Info:    External font `cmex10' loaded for size
(Font)              <9> on input line 29.
LaTeX Font Info:    External font `cmex10' loaded for size
(Font)              <6> on input line 29.
LaTeX Font Info:    External font `cmex10' loaded for size
(Font)              <5> on input line 29.

LaTeX Warning: Citation `Aseeri2002' on page 1 undefined on input line 180.

LaTeX Font Info:    External font `cmex10' loaded for size
(Font)              <7> on input line 188.

LaTeX Warning: Citation `SHUJUN2005' on page 1 undefined on input line 189.

[1{C:/Documents and Settings/All Users/Datos de programa/MiKTeX/2.7/pdftex/conf
ig/pdftex.map}


] <atractoreslindos.jpg, id=16, 1285.80376pt x 909.3975pt>
File: atractoreslindos.jpg Graphic file (type jpg)

<use atractoreslindos.jpg>
LaTeX Font Info:    External font `cmex10' loaded for size
(Font)              <8> on input line 274.

Underfull \hbox (badness 10000) in paragraph at lines 300--309
[]\OT1/ptm/m/n/10 In Fig. 2[] the at-trac-tion do-main scheme
 []


Underfull \hbox (badness 10000) in paragraph at lines 300--309
\OT1/ptm/m/n/10 of the sys-tem for pa-ram-e-ters: $\OML/cmm/m/it/9 a[] \OT1/cmr
/m/n/9 =
 []


Underfull \hbox (badness 10000) in paragraph at lines 300--309
[]$
 []

<atractorcondimension1.jpg, id=17, 1278.7775pt x 786.94pt>
File: atractorcondimension1.jpg Graphic file (type jpg)

<use atractorcondimension1.jpg>
Overfull \hbox (25.20154pt too wide) in paragraph at lines 312--312
 [][] 
 []

[2 <atractoreslindos.jpg> <atractorcondimension1.jpg>]

LaTeX Warning: Citation `Pompe' on page 3 undefined on input line 425.


LaTeX Warning: Citation `Pompe' on page 3 undefined on input line 432.


LaTeX Warning: Citation `Keller' on page 3 undefined on input line 432.

LaTeX Font Info:    Try loading font information for OT1+pcr on input line 454.

("C:\Archivos de programa\MiKTeX 2.7\tex\latex\psnfss\ot1pcr.fd"
File: ot1pcr.fd 2001/06/04 font definitions for OT1/pcr.
)

LaTeX Warning: Citation `Pompe' on page 3 undefined on input line 464.


LaTeX Warning: Reference `fig:relocalizacion' on page 3 undefined on input line
 514.


LaTeX Warning: `h' float specifier changed to `ht'.

[3]
Missing character: There is no ï in font cmr9!
Missing character: There is no ¿ in font cmr9!
Missing character: There is no ½ in font cmr9!
 <Mapa2_m5.jpg, id=35, 1285.80376pt x 908.39375pt>
File: Mapa2_m5.jpg Graphic file (type jpg)
 <use Mapa2_m5.jpg>
<Mapa2_m6.jpg, id=36, 1285.80376pt x 908.39375pt>
File: Mapa2_m6.jpg Graphic file (type jpg)
 <use Mapa2_m6.jpg>
<Mapa2_m7.jpg, id=37, 1285.80376pt x 908.39375pt>
File: Mapa2_m7.jpg Graphic file (type jpg)
 <use Mapa2_m7.jpg>
<Mapa2_m10.jpg, id=38, 1285.80376pt x 908.39375pt>
File: Mapa2_m10.jpg Graphic file (type jpg)
 <use Mapa2_m10.jpg>
<Mapa2_m11.jpg, id=39, 1285.80376pt x 908.39375pt>
File: Mapa2_m11.jpg Graphic file (type jpg)
 <use Mapa2_m11.jpg>
<Mapa2_m14.jpg, id=40, 1285.80376pt x 887.315pt>
File: Mapa2_m14.jpg Graphic file (type jpg)
 <use Mapa2_m14.jpg>
<Mapa2_m16.jpg, id=41, 1285.80376pt x 887.315pt>
File: Mapa2_m16.jpg Graphic file (type jpg)
 <use Mapa2_m16.jpg>
<ptosfijos.jpg, id=42, 1285.80376pt x 887.315pt>
File: ptosfijos.jpg Graphic file (type jpg)
 <use ptosfijos.jpg>
<divergen.jpg, id=43, 1285.80376pt x 908.39375pt>
File: divergen.jpg Graphic file (type jpg)
 <use divergen.jpg>
<periodosmaximos.jpg, id=44, 1285.80376pt x 908.39375pt>
File: periodosmaximos.jpg Graphic file (type jpg)

<use periodosmaximos.jpg> <Puntos.jpg, id=45, 1285.80376pt x 887.315pt>
File: Puntos.jpg Graphic file (type jpg)

<use Puntos.jpg> <HBP_Hhist.jpg, id=46, 1285.80376pt x 908.39375pt>
File: HBP_Hhist.jpg Graphic file (type jpg)

<use HBP_Hhist.jpg> [4 <Mapa2_m5.jpg> <Mapa2_m6.jpg>] [5 <Mapa2_m7.jpg> <Mapa2_
m10.jpg> <Mapa2_m11.jpg> <Mapa2_m14.jpg> <Mapa2_m16.jpg> <ptosfijos.jpg> <diver
gen.jpg>] <Lyapunov.jpg, id=55, 1285.80376pt x 887.315pt>
File: Lyapunov.jpg Graphic file (type jpg)
 <use Lyapunov.jpg>
Underfull \vbox (badness 10000) has occurred while \output is active []


(paperSprot.bbl)

** Conference Paper **
Before submitting the final camera ready copy, remember to:

 1. Manually equalize the lengths of two columns on the last page
 of your paper;

 2. Ensure that any PostScript and/or PDF output post-processing
 uses only Type 1 fonts and that every step in the generation
 process uses the appropriate paper size.

[6 <periodosmaximos.jpg> <Puntos.jpg> <HBP_Hhist.jpg> <Lyapunov.jpg>]
(paperSprot.aux)

LaTeX Warning: There were undefined references.


LaTeX Warning: There were multiply-defined labels.

 ) 
Here is how much of TeX's memory you used:
 1767 strings out of 95304
 27075 string characters out of 1182765
 88954 words of memory out of 1500000
 4982 multiletter control sequences out of 110000
 42438 words of font info for 79 fonts, out of 1200000 for 2000
 14 hyphenation exceptions out of 8191
 26i,8n,20p,428b,242s stack positions out of 5000i,500n,10000p,200000b,5000s
{C:/Archivos de programa/MiKTeX 2.7/fonts/enc/dvips/fontname/8r.enc}<C:/Archi
vos de programa/MiKTeX 2.7/fonts/type1/bluesky/cm/cmex10.pfb><C:/Archivos de pr
ograma/MiKTeX 2.7/fonts/type1/bluesky/cm/cmmi10.pfb><C:/Archivos de programa/Mi
KTeX 2.7/fonts/type1/bluesky/cm/cmmi5.pfb><C:/Archivos de programa/MiKTeX 2.7/f
onts/type1/bluesky/cm/cmmi6.pfb><C:/Archivos de programa/MiKTeX 2.7/fonts/type1
/bluesky/cm/cmmi7.pfb><C:/Archivos de programa/MiKTeX 2.7/fonts/type1/bluesky/c
m/cmmi8.pfb><C:/Archivos de programa/MiKTeX 2.7/fonts/type1/bluesky/cm/cmmi9.pf
b><C:/Archivos de programa/MiKTeX 2.7/fonts/type1/bluesky/cm/cmr10.pfb><C:/Arch
ivos de programa/MiKTeX 2.7/fonts/type1/bluesky/cm/cmr5.pfb><C:/Archivos de pro
grama/MiKTeX 2.7/fonts/type1/bluesky/cm/cmr6.pfb><C:/Archivos de programa/MiKTe
X 2.7/fonts/type1/bluesky/cm/cmr7.pfb><C:/Archivos de programa/MiKTeX 2.7/fonts
/type1/bluesky/cm/cmr8.pfb><C:/Archivos de programa/MiKTeX 2.7/fonts/type1/blue
sky/cm/cmr9.pfb><C:/Archivos de programa/MiKTeX 2.7/fonts/type1/bluesky/cm/cmsy
10.pfb><C:/Archivos de programa/MiKTeX 2.7/fonts/type1/bluesky/cm/cmsy5.pfb><C:
/Archivos de programa/MiKTeX 2.7/fonts/type1/bluesky/cm/cmsy6.pfb><C:/Archivos 
de programa/MiKTeX 2.7/fonts/type1/bluesky/cm/cmsy7.pfb><C:/Archivos de program
a/MiKTeX 2.7/fonts/type1/bluesky/cm/cmsy8.pfb><C:/Archivos de programa/MiKTeX 2
.7/fonts/type1/bluesky/cm/cmsy9.pfb><C:/Archivos de programa/MiKTeX 2.7/fonts/t
ype1/urw/courier/ucrr8a.pfb><C:/Archivos de programa/MiKTeX 2.7/fonts/type1/urw
/times/utmb8a.pfb><C:/Archivos de programa/MiKTeX 2.7/fonts/type1/urw/times/utm
bi8a.pfb><C:/Archivos de programa/MiKTeX 2.7/fonts/type1/urw/times/utmr8a.pfb><
C:/Archivos de programa/MiKTeX 2.7/fonts/type1/urw/times/utmri8a.pfb>
Output written on paperSprot.pdf (6 pages, 1704164 bytes).
PDF statistics:
 133 PDF objects out of 1000 (max. 8388607)
 0 named destinations out of 1000 (max. 131072)
 76 words of extra memory for PDF output out of 10000 (max. 10000000)

